# JRE version: OpenJDK Runtime Environment (17.0.10) (build 17.0.10+0--11572160)
# Java VM: OpenJDK 64-Bit Server VM (17.0.10+0--11572160, mixed mode, tiered, compressed oops, compressed class ptrs, g1 gc, windows-amd64)
GC Precious Log:
 CPUs: 4 total, 4 available
 Memory: 3911M
 Large Page Support: Disabled
 NUMA Support: Disabled
 Compressed Oops: Enabled (32-bit)
 Heap Region Size: 1M
 Heap Min Capacity: 8M
 Heap Initial Capacity: 62M
 Heap Max Capacity: 2G
 Pre-touch: Disabled
 Parallel Workers: 4
 Concurrent Workers: 1
 Concurrent Refinement Workers: 4
 Periodic GC: Disabled
Heap:
 garbage-first heap   total 63488K, used 41485K [0x0000000080000000, 0x0000000100000000)
  region size 1024K, 21 young (21504K), 2 survivors (2048K)
 Metaspace       used 40470K, committed 40832K, reserved 1114112K
  class space    used 5387K, committed 5568K, reserved 1048576K
GC Heap History (20 events):
Event: 31.443 GC heap before
{Heap before GC invocations=1 (full 0):
 garbage-first heap   total 63488K, used 22768K [0x0000000080000000, 0x0000000100000000)
  region size 1024K, 18 young (18432K), 2 survivors (2048K)
 Metaspace       used 11420K, committed 11648K, reserved 1114112K
  class space    used 1197K, committed 1280K, reserved 1048576K
}
Event: 31.463 GC heap after
{Heap after GC invocations=2 (full 0):
 garbage-first heap   total 63488K, used 10548K [0x0000000080000000, 0x0000000100000000)
  region size 1024K, 3 young (3072K), 3 survivors (3072K)
 Metaspace       used 11420K, committed 11648K, reserved 1114112K
  class space    used 1197K, committed 1280K, reserved 1048576K
}
Event: 33.571 GC heap before
{Heap before GC invocations=2 (full 0):
 garbage-first heap   total 63488K, used 31028K [0x0000000080000000, 0x0000000100000000)
  region size 1024K, 23 young (23552K), 3 survivors (3072K)
 Metaspace       used 11491K, committed 11648K, reserved 1114112K
  class space    used 1199K, committed 1280K, reserved 1048576K
}
Event: 33.582 GC heap after
{Heap after GC invocations=3 (full 0):
 garbage-first heap   total 63488K, used 11267K [0x0000000080000000, 0x0000000100000000)
  region size 1024K, 1 young (1024K), 1 survivors (1024K)
 Metaspace       used 11491K, committed 11648K, reserved 1114112K
  class space    used 1199K, committed 1280K, reserved 1048576K
}
Event: 38.477 GC heap before
{Heap before GC invocations=3 (full 0):
 garbage-first heap   total 63488K, used 44035K [0x0000000080000000, 0x0000000100000000)
  region size 1024K, 32 young (32768K), 1 survivors (1024K)
 Metaspace       used 16545K, committed 16768K, reserved 1114112K
  class space    used 1884K, committed 1984K, reserved 1048576K
}
Event: 38.492 GC heap after
{Heap after GC invocations=4 (full 0):
 garbage-first heap   total 63488K, used 17408K [0x0000000080000000, 0x0000000100000000)
  region size 1024K, 4 young (4096K), 4 survivors (4096K)
 Metaspace       used 16545K, committed 16768K, reserved 1114112K
  class space    used 1884K, committed 1984K, reserved 1048576K
}
Event: 49.809 GC heap before
{Heap before GC invocations=4 (full 0):
 garbage-first heap   total 63488K, used 36864K [0x0000000080000000, 0x0000000100000000)
  region size 1024K, 24 young (24576K), 4 survivors (4096K)
 Metaspace       used 21307K, committed 21504K, reserved 1114112K
  class space    used 2556K, committed 2624K, reserved 1048576K
}
Event: 49.862 GC heap after
{Heap after GC invocations=5 (full 0):
 garbage-first heap   total 63488K, used 18966K [0x0000000080000000, 0x0000000100000000)
  region size 1024K, 2 young (2048K), 2 survivors (2048K)
 Metaspace       used 21307K, committed 21504K, reserved 1114112K
  class space    used 2556K, committed 2624K, reserved 1048576K
}
Event: 69.669 GC heap before
{Heap before GC invocations=6 (full 0):
 garbage-first heap   total 63488K, used 41494K [0x0000000080000000, 0x0000000100000000)
  region size 1024K, 24 young (24576K), 2 survivors (2048K)
 Metaspace       used 25009K, committed 25344K, reserved 1114112K
  class space    used 3176K, committed 3328K, reserved 1048576K
}
Event: 69.810 GC heap after
{Heap after GC invocations=7 (full 0):
 garbage-first heap   total 63488K, used 19857K [0x0000000080000000, 0x0000000100000000)
  region size 1024K, 3 young (3072K), 3 survivors (3072K)
 Metaspace       used 25009K, committed 25344K, reserved 1114112K
  class space    used 3176K, committed 3328K, reserved 1048576K
}
Event: 70.253 GC heap before
{Heap before GC invocations=7 (full 0):
 garbage-first heap   total 63488K, used 19857K [0x0000000080000000, 0x0000000100000000)
  region size 1024K, 4 young (4096K), 3 survivors (3072K)
 Metaspace       used 25198K, committed 25472K, reserved 1114112K
  class space    used 3207K, committed 3328K, reserved 1048576K
}
Event: 70.272 GC heap after
{Heap after GC invocations=8 (full 0):
 garbage-first heap   total 63488K, used 19738K [0x0000000080000000, 0x0000000100000000)
  region size 1024K, 1 young (1024K), 1 survivors (1024K)
 Metaspace       used 25198K, committed 25472K, reserved 1114112K
  class space    used 3207K, committed 3328K, reserved 1048576K
}
Event: 84.993 GC heap before
{Heap before GC invocations=8 (full 0):
 garbage-first heap   total 63488K, used 43290K [0x0000000080000000, 0x0000000100000000)
  region size 1024K, 24 young (24576K), 1 survivors (1024K)
 Metaspace       used 28191K, committed 28480K, reserved 1114112K
  class space    used 3725K, committed 3840K, reserved 1048576K
}
Event: 85.008 GC heap after
{Heap after GC invocations=9 (full 0):
 garbage-first heap   total 63488K, used 21197K [0x0000000080000000, 0x0000000100000000)
  region size 1024K, 2 young (2048K), 2 survivors (2048K)
 Metaspace       used 28191K, committed 28480K, reserved 1114112K
  class space    used 3725K, committed 3840K, reserved 1048576K
}
Event: 89.816 GC heap before
{Heap before GC invocations=9 (full 0):
 garbage-first heap   total 63488K, used 44749K [0x0000000080000000, 0x0000000100000000)
  region size 1024K, 25 young (25600K), 2 survivors (2048K)
 Metaspace       used 31303K, committed 31552K, reserved 1114112K
  class space    used 4246K, committed 4352K, reserved 1048576K
}
Event: 89.824 GC heap after
{Heap after GC invocations=10 (full 0):
 garbage-first heap   total 63488K, used 22417K [0x0000000080000000, 0x0000000100000000)
  region size 1024K, 3 young (3072K), 3 survivors (3072K)
 Metaspace       used 31303K, committed 31552K, reserved 1114112K
  class space    used 4246K, committed 4352K, reserved 1048576K
}
Event: 93.123 GC heap before
{Heap before GC invocations=10 (full 0):
 garbage-first heap   total 63488K, used 45969K [0x0000000080000000, 0x0000000100000000)
  region size 1024K, 26 young (26624K), 3 survivors (3072K)
 Metaspace       used 34509K, committed 34816K, reserved 1114112K
  class space    used 4740K, committed 4864K, reserved 1048576K
}
Event: 93.135 GC heap after
{Heap after GC invocations=11 (full 0):
 garbage-first heap   total 63488K, used 23723K [0x0000000080000000, 0x0000000100000000)
  region size 1024K, 3 young (3072K), 3 survivors (3072K)
 Metaspace       used 34509K, committed 34816K, reserved 1114112K
  class space    used 4740K, committed 4864K, reserved 1048576K
}
Event: 94.131 GC heap before
{Heap before GC invocations=11 (full 0):
 garbage-first heap   total 63488K, used 27819K [0x0000000080000000, 0x0000000100000000)
  region size 1024K, 9 young (9216K), 3 survivors (3072K)
 Metaspace       used 35602K, committed 35968K, reserved 1114112K
  class space    used 4901K, committed 5056K, reserved 1048576K
}
Event: 94.147 GC heap after
{Heap after GC invocations=12 (full 0):
 garbage-first heap   total 63488K, used 24077K [0x0000000080000000, 0x0000000100000000)
  region size 1024K, 2 young (2048K), 2 survivors (2048K)
 Metaspace       used 35602K, committed 35968K, reserved 1114112K
  class space    used 4901K, committed 5056K, reserved 1048576K
}

