# JRE version: OpenJDK Runtime Environment (17.0.10) (build 17.0.10+0--11572160)
# Java VM: OpenJDK 64-Bit Server VM (17.0.10+0--11572160, mixed mode, tiered, compressed oops, compressed class ptrs, g1 gc, windows-amd64)
GC Precious Log:
 CPUs: 4 total, 4 available
 Memory: 3911M
 Large Page Support: Disabled
 NUMA Support: Disabled
 Compressed Oops: Enabled (32-bit)
 Heap Region Size: 1M
 Heap Min Capacity: 8M
 Heap Initial Capacity: 62M
 Heap Max Capacity: 2G
 Pre-touch: Disabled
 Parallel Workers: 4
 Concurrent Workers: 1
 Concurrent Refinement Workers: 4
 Periodic GC: Disabled
Heap:
 garbage-first heap   total 193536K, used 80151K [0x0000000080000000, 0x0000000100000000)
  region size 1024K, 19 young (19456K), 3 survivors (3072K)
 Metaspace       used 66871K, committed 67456K, reserved 1114112K
  class space    used 9021K, committed 9280K, reserved 1048576K
GC Heap History (20 events):
Event: 58.381 GC heap before
{Heap before GC invocations=25 (full 0):
 garbage-first heap   total 65536K, used 53502K [0x0000000080000000, 0x0000000100000000)
  region size 1024K, 20 young (20480K), 2 survivors (2048K)
 Metaspace       used 56060K, committed 56640K, reserved 1114112K
  class space    used 7700K, committed 8000K, reserved 1048576K
}
Event: 58.401 GC heap after
{Heap after GC invocations=26 (full 0):
 garbage-first heap   total 65536K, used 37659K [0x0000000080000000, 0x0000000100000000)
  region size 1024K, 3 young (3072K), 3 survivors (3072K)
 Metaspace       used 56060K, committed 56640K, reserved 1114112K
  class space    used 7700K, committed 8000K, reserved 1048576K
}
Event: 59.931 GC heap before
{Heap before GC invocations=27 (full 0):
 garbage-first heap   total 66560K, used 53019K [0x0000000080000000, 0x0000000100000000)
  region size 1024K, 18 young (18432K), 3 survivors (3072K)
 Metaspace       used 56436K, committed 56960K, reserved 1114112K
  class space    used 7752K, committed 8000K, reserved 1048576K
}
Event: 59.961 GC heap after
{Heap after GC invocations=28 (full 0):
 garbage-first heap   total 66560K, used 40458K [0x0000000080000000, 0x0000000100000000)
  region size 1024K, 3 young (3072K), 3 survivors (3072K)
 Metaspace       used 56436K, committed 56960K, reserved 1114112K
  class space    used 7752K, committed 8000K, reserved 1048576K
}
Event: 61.243 GC heap before
{Heap before GC invocations=28 (full 0):
 garbage-first heap   total 66560K, used 52746K [0x0000000080000000, 0x0000000100000000)
  region size 1024K, 16 young (16384K), 3 survivors (3072K)
 Metaspace       used 56577K, committed 57152K, reserved 1114112K
  class space    used 7752K, committed 8000K, reserved 1048576K
}
Event: 61.254 GC heap after
{Heap after GC invocations=29 (full 0):
 garbage-first heap   total 66560K, used 40822K [0x0000000080000000, 0x0000000100000000)
  region size 1024K, 2 young (2048K), 2 survivors (2048K)
 Metaspace       used 56577K, committed 57152K, reserved 1114112K
  class space    used 7752K, committed 8000K, reserved 1048576K
}
Event: 62.951 GC heap before
{Heap before GC invocations=30 (full 0):
 garbage-first heap   total 71680K, used 52086K [0x0000000080000000, 0x0000000100000000)
  region size 1024K, 14 young (14336K), 2 survivors (2048K)
 Metaspace       used 56842K, committed 57344K, reserved 1114112K
  class space    used 7783K, committed 8064K, reserved 1048576K
}
Event: 62.960 GC heap after
{Heap after GC invocations=31 (full 0):
 garbage-first heap   total 71680K, used 41777K [0x0000000080000000, 0x0000000100000000)
  region size 1024K, 2 young (2048K), 2 survivors (2048K)
 Metaspace       used 56842K, committed 57344K, reserved 1114112K
  class space    used 7783K, committed 8064K, reserved 1048576K
}
Event: 63.011 GC heap before
{Heap before GC invocations=31 (full 0):
 garbage-first heap   total 71680K, used 42801K [0x0000000080000000, 0x0000000100000000)
  region size 1024K, 3 young (3072K), 2 survivors (2048K)
 Metaspace       used 56845K, committed 57344K, reserved 1114112K
  class space    used 7783K, committed 8064K, reserved 1048576K
}
Event: 63.020 GC heap after
{Heap after GC invocations=32 (full 0):
 garbage-first heap   total 71680K, used 41598K [0x0000000080000000, 0x0000000100000000)
  region size 1024K, 1 young (1024K), 1 survivors (1024K)
 Metaspace       used 56845K, committed 57344K, reserved 1114112K
  class space    used 7783K, committed 8064K, reserved 1048576K
}
Event: 64.671 GC heap before
{Heap before GC invocations=32 (full 0):
 garbage-first heap   total 71680K, used 65150K [0x0000000080000000, 0x0000000100000000)
  region size 1024K, 13 young (13312K), 1 survivors (1024K)
 Metaspace       used 57215K, committed 57792K, reserved 1114112K
  class space    used 7847K, committed 8128K, reserved 1048576K
}
Event: 64.678 GC heap after
{Heap after GC invocations=33 (full 0):
 garbage-first heap   total 73728K, used 59180K [0x0000000080000000, 0x0000000100000000)
  region size 1024K, 2 young (2048K), 2 survivors (2048K)
 Metaspace       used 57215K, committed 57792K, reserved 1114112K
  class space    used 7847K, committed 8128K, reserved 1048576K
}
Event: 64.923 GC heap before
{Heap before GC invocations=34 (full 0):
 garbage-first heap   total 102400K, used 62252K [0x0000000080000000, 0x0000000100000000)
  region size 1024K, 4 young (4096K), 2 survivors (2048K)
 Metaspace       used 57280K, committed 57856K, reserved 1114112K
  class space    used 7854K, committed 8128K, reserved 1048576K
}
Event: 64.929 GC heap after
{Heap after GC invocations=35 (full 0):
 garbage-first heap   total 102400K, used 61214K [0x0000000080000000, 0x0000000100000000)
  region size 1024K, 1 young (1024K), 1 survivors (1024K)
 Metaspace       used 57280K, committed 57856K, reserved 1114112K
  class space    used 7854K, committed 8128K, reserved 1048576K
}
Event: 65.285 GC heap before
{Heap before GC invocations=35 (full 0):
 garbage-first heap   total 102400K, used 65310K [0x0000000080000000, 0x0000000100000000)
  region size 1024K, 5 young (5120K), 1 survivors (1024K)
 Metaspace       used 57622K, committed 58176K, reserved 1114112K
  class space    used 7913K, committed 8192K, reserved 1048576K
}
Event: 65.290 GC heap after
{Heap after GC invocations=36 (full 0):
 garbage-first heap   total 102400K, used 61012K [0x0000000080000000, 0x0000000100000000)
  region size 1024K, 1 young (1024K), 1 survivors (1024K)
 Metaspace       used 57622K, committed 58176K, reserved 1114112K
  class space    used 7913K, committed 8192K, reserved 1048576K
}
Event: 66.436 GC heap before
{Heap before GC invocations=36 (full 0):
 garbage-first heap   total 102400K, used 76372K [0x0000000080000000, 0x0000000100000000)
  region size 1024K, 16 young (16384K), 1 survivors (1024K)
 Metaspace       used 58666K, committed 59200K, reserved 1114112K
  class space    used 8045K, committed 8320K, reserved 1048576K
}
Event: 66.442 GC heap after
{Heap after GC invocations=37 (full 0):
 garbage-first heap   total 193536K, used 62969K [0x0000000080000000, 0x0000000100000000)
  region size 1024K, 2 young (2048K), 2 survivors (2048K)
 Metaspace       used 58666K, committed 59200K, reserved 1114112K
  class space    used 8045K, committed 8320K, reserved 1048576K
}
Event: 72.107 GC heap before
{Heap before GC invocations=37 (full 0):
 garbage-first heap   total 193536K, used 129529K [0x0000000080000000, 0x0000000100000000)
  region size 1024K, 67 young (68608K), 2 survivors (2048K)
 Metaspace       used 65122K, committed 65728K, reserved 1114112K
  class space    used 8748K, committed 9024K, reserved 1048576K
}
Event: 72.120 GC heap after
{Heap after GC invocations=38 (full 0):
 garbage-first heap   total 193536K, used 64791K [0x0000000080000000, 0x0000000100000000)
  region size 1024K, 3 young (3072K), 3 survivors (3072K)
 Metaspace       used 65122K, committed 65728K, reserved 1114112K
  class space    used 8748K, committed 9024K, reserved 1048576K
}

